[23:25:15:589] [INFO] - org.springframework.boot.StartupInfoLogger.logStarting(StartupInfoLogger.java:55) - Starting OaSpringApplication on LAPTOP-A50H8Q5F with PID 17020 (D:\project\Jave_learn\OA_spring\target\classes started by W1216381706 in D:\project\Jave_learn\OA_spring)
[23:25:15:600] [INFO] - org.springframework.boot.SpringApplication.logStartupProfileInfo(SpringApplication.java:651) - No active profile set, falling back to default profiles: default
[23:25:16:701] [INFO] - org.springframework.data.repository.config.RepositoryConfigurationDelegate.multipleStoresDetected(RepositoryConfigurationDelegate.java:246) - Multiple Spring Data modules found, entering strict repository configuration mode!
[23:25:16:706] [INFO] - org.springframework.data.repository.config.RepositoryConfigurationDelegate.registerRepositoriesIn(RepositoryConfigurationDelegate.java:126) - Bootstrapping Spring Data repositories in DEFAULT mode.
[23:25:16:752] [INFO] - org.springframework.data.repository.config.RepositoryConfigurationDelegate.registerRepositoriesIn(RepositoryConfigurationDelegate.java:184) - Finished Spring Data repository scanning in 16ms. Found 0 repository interfaces.
[23:25:17:348] [INFO] - org.springframework.context.support.PostProcessorRegistrationDelegate$BeanPostProcessorChecker.postProcessAfterInitialization(PostProcessorRegistrationDelegate.java:330) - Bean 'org.springframework.transaction.annotation.ProxyTransactionManagementConfiguration' of type [org.springframework.transaction.annotation.ProxyTransactionManagementConfiguration] is not eligible for getting processed by all BeanPostProcessors (for example: not eligible for auto-proxying)
[23:25:18:163] [INFO] - org.springframework.boot.web.embedded.tomcat.TomcatWebServer.initialize(TomcatWebServer.java:92) - Tomcat initialized with port(s): 81 (http)
[23:25:18:178] [INFO] - org.apache.juli.logging.DirectJDKLog.log(DirectJDKLog.java:173) - Initializing ProtocolHandler ["http-nio-81"]
[23:25:18:179] [INFO] - org.apache.juli.logging.DirectJDKLog.log(DirectJDKLog.java:173) - Starting service [Tomcat]
[23:25:18:180] [INFO] - org.apache.juli.logging.DirectJDKLog.log(DirectJDKLog.java:173) - Starting Servlet engine: [Apache Tomcat/9.0.27]
[23:25:18:343] [INFO] - org.apache.juli.logging.DirectJDKLog.log(DirectJDKLog.java:173) - Initializing Spring embedded WebApplicationContext
[23:25:18:344] [INFO] - org.springframework.boot.web.servlet.context.ServletWebServerApplicationContext.prepareWebApplicationContext(ServletWebServerApplicationContext.java:284) - Root WebApplicationContext: initialization completed in 2604 ms
[23:25:19:935] [INFO] - org.springframework.scheduling.concurrent.ExecutorConfigurationSupport.initialize(ExecutorConfigurationSupport.java:171) - Initializing ExecutorService 'applicationTaskExecutor'
[23:25:20:095] [INFO] - org.springframework.boot.autoconfigure.web.servlet.WelcomePageHandlerMapping.<init>(WelcomePageHandlerMapping.java:58) - Adding welcome page template: index
[23:25:20:965] [INFO] - org.apache.juli.logging.DirectJDKLog.log(DirectJDKLog.java:173) - Starting ProtocolHandler ["http-nio-81"]
[23:25:21:002] [INFO] - org.springframework.boot.web.embedded.tomcat.TomcatWebServer.start(TomcatWebServer.java:204) - Tomcat started on port(s): 81 (http) with context path ''
[23:25:21:008] [INFO] - org.springframework.boot.StartupInfoLogger.logStarted(StartupInfoLogger.java:61) - Started OaSpringApplication in 5.921 seconds (JVM running for 11.332)
[23:27:12:090] [INFO] - org.apache.juli.logging.DirectJDKLog.log(DirectJDKLog.java:173) - A cookie header was received [1678685695] that contained an invalid cookie. That cookie will be ignored.
 Note: further occurrences of this error will be logged at DEBUG level.
[23:27:12:105] [INFO] - org.apache.juli.logging.DirectJDKLog.log(DirectJDKLog.java:173) - Initializing Spring DispatcherServlet 'dispatcherServlet'
[23:27:12:106] [INFO] - org.springframework.web.servlet.FrameworkServlet.initServletBean(FrameworkServlet.java:525) - Initializing Servlet 'dispatcherServlet'
[23:27:12:126] [INFO] - org.springframework.web.servlet.FrameworkServlet.initServletBean(FrameworkServlet.java:547) - Completed initialization in 20 ms
[23:27:26:976] [INFO] - com.wei.oa_spring.filter.WebLogAspect.doBefore(WebLogAspect.java:47) - URL : /login
[23:27:26:976] [INFO] - com.wei.oa_spring.filter.WebLogAspect.doBefore(WebLogAspect.java:48) - HTTP_METHOD : GET
[23:27:26:977] [INFO] - com.wei.oa_spring.filter.WebLogAspect.doBefore(WebLogAspect.java:49) - IP : 0:0:0:0:0:0:0:1
[23:27:26:982] [INFO] - com.wei.oa_spring.filter.WebLogAspect.doBefore(WebLogAspect.java:50) - CLASS_METHOD : com.wei.oa_spring.controller.UserController.login_page
[23:27:26:982] [INFO] - com.wei.oa_spring.filter.WebLogAspect.doBefore(WebLogAspect.java:52) - ARGS(参数) : []
[23:27:27:031] [INFO] - com.wei.oa_spring.filter.WebLogAspect.doAfterReturning(WebLogAspect.java:61) - RESPONSE : {"view":null,"model":{"msg":"传给Freemarker的值"},"status":null,"empty":false,"viewName":"login","modelMap":{"msg":"传给Freemarker的值"},"reference":true}
[23:27:30:609] [INFO] - com.wei.oa_spring.filter.WebLogAspect.doBefore(WebLogAspect.java:47) - URL : /check_login
[23:27:30:609] [INFO] - com.wei.oa_spring.filter.WebLogAspect.doBefore(WebLogAspect.java:48) - HTTP_METHOD : POST
[23:27:30:609] [INFO] - com.wei.oa_spring.filter.WebLogAspect.doBefore(WebLogAspect.java:49) - IP : 0:0:0:0:0:0:0:1
[23:27:30:610] [INFO] - com.wei.oa_spring.filter.WebLogAspect.doBefore(WebLogAspect.java:50) - CLASS_METHOD : com.wei.oa_spring.controller.UserController.login
[23:27:30:610] [INFO] - com.wei.oa_spring.filter.WebLogAspect.doBefore(WebLogAspect.java:52) - ARGS(参数) : [t4, 1234, org.apache.catalina.session.StandardSessionFacade@5fc35787]
[23:27:30:709] [INFO] - com.zaxxer.hikari.HikariDataSource.getConnection(HikariDataSource.java:110) - imooc_oa_datasource - Starting...
[23:27:31:077] [INFO] - com.zaxxer.hikari.HikariDataSource.getConnection(HikariDataSource.java:123) - imooc_oa_datasource - Start completed.
[23:27:31:245] [INFO] - com.wei.oa_spring.filter.WebLogAspect.doAfterReturning(WebLogAspect.java:61) - RESPONSE : {"status":10000,"msg":"SUCCESS","data":{"userId":5,"username":"t4","password":null,"employeeId":5,"salt":192}}
[23:27:31:309] [INFO] - com.wei.oa_spring.filter.WebLogAspect.doBefore(WebLogAspect.java:47) - URL : /index
[23:27:31:309] [INFO] - com.wei.oa_spring.filter.WebLogAspect.doBefore(WebLogAspect.java:48) - HTTP_METHOD : GET
[23:27:31:310] [INFO] - com.wei.oa_spring.filter.WebLogAspect.doBefore(WebLogAspect.java:49) - IP : 0:0:0:0:0:0:0:1
[23:27:31:310] [INFO] - com.wei.oa_spring.filter.WebLogAspect.doBefore(WebLogAspect.java:50) - CLASS_METHOD : com.wei.oa_spring.controller.IndexController.index
[23:27:31:310] [INFO] - com.wei.oa_spring.filter.WebLogAspect.doBefore(WebLogAspect.java:52) - ARGS(参数) : [org.apache.catalina.connector.RequestFacade@69ffce81]
[23:27:31:375] [INFO] - com.wei.oa_spring.filter.WebLogAspect.doAfterReturning(WebLogAspect.java:61) - RESPONSE : {"view":null,"model":{},"status":null,"empty":false,"viewName":"/index","modelMap":{},"reference":true}
[23:27:31:594] [INFO] - com.wei.oa_spring.filter.WebLogAspect.doBefore(WebLogAspect.java:47) - URL : /forward/notice
[23:27:31:594] [INFO] - com.wei.oa_spring.filter.WebLogAspect.doBefore(WebLogAspect.java:48) - HTTP_METHOD : GET
[23:27:31:595] [INFO] - com.wei.oa_spring.filter.WebLogAspect.doBefore(WebLogAspect.java:49) - IP : 0:0:0:0:0:0:0:1
[23:27:31:595] [INFO] - com.wei.oa_spring.filter.WebLogAspect.doBefore(WebLogAspect.java:50) - CLASS_METHOD : com.wei.oa_spring.controller.ForwardController.doGet
[23:27:31:595] [INFO] - com.wei.oa_spring.filter.WebLogAspect.doBefore(WebLogAspect.java:52) - ARGS(参数) : [notice, org.apache.catalina.connector.RequestFacade@69ffce81, org.apache.catalina.connector.ResponseFacade@603e0fca]
[23:27:31:608] [INFO] - com.wei.oa_spring.filter.WebLogAspect.doAfterReturning(WebLogAspect.java:61) - RESPONSE : {"view":null,"model":{},"status":null,"empty":false,"viewName":"/notice","modelMap":{},"reference":true}
[23:27:31:770] [INFO] - com.wei.oa_spring.filter.WebLogAspect.doBefore(WebLogAspect.java:47) - URL : /notice/list
[23:27:31:771] [INFO] - com.wei.oa_spring.filter.WebLogAspect.doBefore(WebLogAspect.java:48) - HTTP_METHOD : GET
[23:27:31:771] [INFO] - com.wei.oa_spring.filter.WebLogAspect.doBefore(WebLogAspect.java:49) - IP : 0:0:0:0:0:0:0:1
[23:27:31:771] [INFO] - com.wei.oa_spring.filter.WebLogAspect.doBefore(WebLogAspect.java:50) - CLASS_METHOD : com.wei.oa_spring.controller.NoticeController.getNoticeList
[23:27:31:772] [INFO] - com.wei.oa_spring.filter.WebLogAspect.doBefore(WebLogAspect.java:52) - ARGS(参数) : [org.apache.catalina.session.StandardSessionFacade@5fc35787, org.apache.catalina.connector.RequestFacade@69ffce81, org.apache.catalina.connector.ResponseFacade@603e0fca]
[23:27:31:940] [INFO] - com.wei.oa_spring.filter.WebLogAspect.doAfterReturning(WebLogAspect.java:61) - RESPONSE : null
[23:27:36:668] [INFO] - com.wei.oa_spring.filter.WebLogAspect.doBefore(WebLogAspect.java:47) - URL : /forward/notice
[23:27:36:668] [INFO] - com.wei.oa_spring.filter.WebLogAspect.doBefore(WebLogAspect.java:48) - HTTP_METHOD : GET
[23:27:36:669] [INFO] - com.wei.oa_spring.filter.WebLogAspect.doBefore(WebLogAspect.java:49) - IP : 0:0:0:0:0:0:0:1
[23:27:36:669] [INFO] - com.wei.oa_spring.filter.WebLogAspect.doBefore(WebLogAspect.java:50) - CLASS_METHOD : com.wei.oa_spring.controller.ForwardController.doGet
[23:27:36:669] [INFO] - com.wei.oa_spring.filter.WebLogAspect.doBefore(WebLogAspect.java:52) - ARGS(参数) : [notice, org.apache.catalina.connector.RequestFacade@69ffce81, org.apache.catalina.connector.ResponseFacade@603e0fca]
[23:27:36:675] [INFO] - com.wei.oa_spring.filter.WebLogAspect.doAfterReturning(WebLogAspect.java:61) - RESPONSE : {"view":null,"model":{},"status":null,"empty":false,"viewName":"/notice","modelMap":{},"reference":true}
[23:27:36:867] [INFO] - com.wei.oa_spring.filter.WebLogAspect.doBefore(WebLogAspect.java:47) - URL : /notice/list
[23:27:36:867] [INFO] - com.wei.oa_spring.filter.WebLogAspect.doBefore(WebLogAspect.java:48) - HTTP_METHOD : GET
[23:27:36:868] [INFO] - com.wei.oa_spring.filter.WebLogAspect.doBefore(WebLogAspect.java:49) - IP : 0:0:0:0:0:0:0:1
[23:27:36:868] [INFO] - com.wei.oa_spring.filter.WebLogAspect.doBefore(WebLogAspect.java:50) - CLASS_METHOD : com.wei.oa_spring.controller.NoticeController.getNoticeList
[23:27:36:868] [INFO] - com.wei.oa_spring.filter.WebLogAspect.doBefore(WebLogAspect.java:52) - ARGS(参数) : [org.apache.catalina.session.StandardSessionFacade@5fc35787, org.apache.catalina.connector.RequestFacade@69ffce81, org.apache.catalina.connector.ResponseFacade@603e0fca]
[23:27:36:881] [INFO] - com.wei.oa_spring.filter.WebLogAspect.doAfterReturning(WebLogAspect.java:61) - RESPONSE : null
[23:27:37:785] [INFO] - com.wei.oa_spring.filter.WebLogAspect.doBefore(WebLogAspect.java:47) - URL : /forward/form
[23:27:37:785] [INFO] - com.wei.oa_spring.filter.WebLogAspect.doBefore(WebLogAspect.java:48) - HTTP_METHOD : GET
[23:27:37:785] [INFO] - com.wei.oa_spring.filter.WebLogAspect.doBefore(WebLogAspect.java:49) - IP : 0:0:0:0:0:0:0:1
[23:27:37:786] [INFO] - com.wei.oa_spring.filter.WebLogAspect.doBefore(WebLogAspect.java:50) - CLASS_METHOD : com.wei.oa_spring.controller.ForwardController.doGet
[23:27:37:786] [INFO] - com.wei.oa_spring.filter.WebLogAspect.doBefore(WebLogAspect.java:52) - ARGS(参数) : [form, org.apache.catalina.connector.RequestFacade@69ffce81, org.apache.catalina.connector.ResponseFacade@603e0fca]
[23:27:37:793] [INFO] - com.wei.oa_spring.filter.WebLogAspect.doAfterReturning(WebLogAspect.java:61) - RESPONSE : {"view":null,"model":{},"status":null,"empty":false,"viewName":"/form","modelMap":{},"reference":true}
[23:27:59:682] [INFO] - com.wei.oa_spring.filter.WebLogAspect.doBefore(WebLogAspect.java:47) - URL : /leave/create
[23:27:59:683] [INFO] - com.wei.oa_spring.filter.WebLogAspect.doBefore(WebLogAspect.java:48) - HTTP_METHOD : POST
[23:27:59:684] [INFO] - com.wei.oa_spring.filter.WebLogAspect.doBefore(WebLogAspect.java:49) - IP : 0:0:0:0:0:0:0:1
[23:27:59:685] [INFO] - com.wei.oa_spring.filter.WebLogAspect.doBefore(WebLogAspect.java:50) - CLASS_METHOD : com.wei.oa_spring.controller.LeaveFormController.create
[23:27:59:685] [INFO] - com.wei.oa_spring.filter.WebLogAspect.doBefore(WebLogAspect.java:52) - ARGS(参数) : [org.apache.catalina.connector.RequestFacade@7b4ca550, org.apache.catalina.session.StandardSessionFacade@5fc35787]
[23:28:48:740] [WARN] - com.zaxxer.hikari.pool.HikariPool$HouseKeeper.run(HikariPool.java:787) - imooc_oa_datasource - Thread starvation or clock leap detected (housekeeper delta=1m17s560ms956µs400ns).
[23:28:52:463] [INFO] - com.wei.oa_spring.filter.WebLogAspect.doAfterReturning(WebLogAspect.java:61) - RESPONSE : {"code":"0","message":"success"}
[23:28:56:536] [INFO] - com.wei.oa_spring.filter.WebLogAspect.doBefore(WebLogAspect.java:47) - URL : /forward/notice
[23:28:56:537] [INFO] - com.wei.oa_spring.filter.WebLogAspect.doBefore(WebLogAspect.java:48) - HTTP_METHOD : GET
[23:28:56:538] [INFO] - com.wei.oa_spring.filter.WebLogAspect.doBefore(WebLogAspect.java:49) - IP : 0:0:0:0:0:0:0:1
[23:28:56:539] [INFO] - com.wei.oa_spring.filter.WebLogAspect.doBefore(WebLogAspect.java:50) - CLASS_METHOD : com.wei.oa_spring.controller.ForwardController.doGet
[23:28:56:540] [INFO] - com.wei.oa_spring.filter.WebLogAspect.doBefore(WebLogAspect.java:52) - ARGS(参数) : [notice, org.apache.catalina.connector.RequestFacade@7b4ca550, org.apache.catalina.connector.ResponseFacade@15b6fe8]
[23:28:56:545] [INFO] - com.wei.oa_spring.filter.WebLogAspect.doAfterReturning(WebLogAspect.java:61) - RESPONSE : {"view":null,"model":{},"status":null,"empty":false,"viewName":"/notice","modelMap":{},"reference":true}
[23:28:56:742] [INFO] - com.wei.oa_spring.filter.WebLogAspect.doBefore(WebLogAspect.java:47) - URL : /notice/list
[23:28:56:743] [INFO] - com.wei.oa_spring.filter.WebLogAspect.doBefore(WebLogAspect.java:48) - HTTP_METHOD : GET
[23:28:56:744] [INFO] - com.wei.oa_spring.filter.WebLogAspect.doBefore(WebLogAspect.java:49) - IP : 0:0:0:0:0:0:0:1
[23:28:56:745] [INFO] - com.wei.oa_spring.filter.WebLogAspect.doBefore(WebLogAspect.java:50) - CLASS_METHOD : com.wei.oa_spring.controller.NoticeController.getNoticeList
[23:28:56:746] [INFO] - com.wei.oa_spring.filter.WebLogAspect.doBefore(WebLogAspect.java:52) - ARGS(参数) : [org.apache.catalina.session.StandardSessionFacade@5fc35787, org.apache.catalina.connector.RequestFacade@7b4ca550, org.apache.catalina.connector.ResponseFacade@15b6fe8]
[23:28:56:764] [INFO] - com.wei.oa_spring.filter.WebLogAspect.doAfterReturning(WebLogAspect.java:61) - RESPONSE : null
[23:29:35:851] [INFO] - com.wei.oa_spring.filter.WebLogAspect.doBefore(WebLogAspect.java:47) - URL : /forward/notice
[23:29:35:851] [INFO] - com.wei.oa_spring.filter.WebLogAspect.doBefore(WebLogAspect.java:48) - HTTP_METHOD : GET
[23:29:35:852] [INFO] - com.wei.oa_spring.filter.WebLogAspect.doBefore(WebLogAspect.java:49) - IP : 0:0:0:0:0:0:0:1
[23:29:35:853] [INFO] - com.wei.oa_spring.filter.WebLogAspect.doBefore(WebLogAspect.java:50) - CLASS_METHOD : com.wei.oa_spring.controller.ForwardController.doGet
[23:29:35:853] [INFO] - com.wei.oa_spring.filter.WebLogAspect.doBefore(WebLogAspect.java:52) - ARGS(参数) : [notice, org.apache.catalina.connector.RequestFacade@7b4ca550, org.apache.catalina.connector.ResponseFacade@15b6fe8]
[23:29:35:859] [INFO] - com.wei.oa_spring.filter.WebLogAspect.doAfterReturning(WebLogAspect.java:61) - RESPONSE : {"view":null,"model":{},"status":null,"empty":false,"viewName":"/notice","modelMap":{},"reference":true}
[23:29:36:022] [INFO] - com.wei.oa_spring.filter.WebLogAspect.doBefore(WebLogAspect.java:47) - URL : /notice/list
[23:29:36:022] [INFO] - com.wei.oa_spring.filter.WebLogAspect.doBefore(WebLogAspect.java:48) - HTTP_METHOD : GET
[23:29:36:022] [INFO] - com.wei.oa_spring.filter.WebLogAspect.doBefore(WebLogAspect.java:49) - IP : 0:0:0:0:0:0:0:1
[23:29:36:023] [INFO] - com.wei.oa_spring.filter.WebLogAspect.doBefore(WebLogAspect.java:50) - CLASS_METHOD : com.wei.oa_spring.controller.NoticeController.getNoticeList
[23:29:36:023] [INFO] - com.wei.oa_spring.filter.WebLogAspect.doBefore(WebLogAspect.java:52) - ARGS(参数) : [org.apache.catalina.session.StandardSessionFacade@5fc35787, org.apache.catalina.connector.RequestFacade@7b4ca550, org.apache.catalina.connector.ResponseFacade@15b6fe8]
[23:29:36:034] [INFO] - com.wei.oa_spring.filter.WebLogAspect.doAfterReturning(WebLogAspect.java:61) - RESPONSE : null
[23:29:36:705] [INFO] - com.wei.oa_spring.filter.WebLogAspect.doBefore(WebLogAspect.java:47) - URL : /forward/form
[23:29:36:705] [INFO] - com.wei.oa_spring.filter.WebLogAspect.doBefore(WebLogAspect.java:48) - HTTP_METHOD : GET
[23:29:36:706] [INFO] - com.wei.oa_spring.filter.WebLogAspect.doBefore(WebLogAspect.java:49) - IP : 0:0:0:0:0:0:0:1
[23:29:36:706] [INFO] - com.wei.oa_spring.filter.WebLogAspect.doBefore(WebLogAspect.java:50) - CLASS_METHOD : com.wei.oa_spring.controller.ForwardController.doGet
[23:29:36:706] [INFO] - com.wei.oa_spring.filter.WebLogAspect.doBefore(WebLogAspect.java:52) - ARGS(参数) : [form, org.apache.catalina.connector.RequestFacade@7b4ca550, org.apache.catalina.connector.ResponseFacade@15b6fe8]
[23:29:36:711] [INFO] - com.wei.oa_spring.filter.WebLogAspect.doAfterReturning(WebLogAspect.java:61) - RESPONSE : {"view":null,"model":{},"status":null,"empty":false,"viewName":"/form","modelMap":{},"reference":true}
[23:29:42:717] [INFO] - com.wei.oa_spring.filter.WebLogAspect.doBefore(WebLogAspect.java:47) - URL : /logout
[23:29:42:718] [INFO] - com.wei.oa_spring.filter.WebLogAspect.doBefore(WebLogAspect.java:48) - HTTP_METHOD : GET
[23:29:42:718] [INFO] - com.wei.oa_spring.filter.WebLogAspect.doBefore(WebLogAspect.java:49) - IP : 0:0:0:0:0:0:0:1
[23:29:42:719] [INFO] - com.wei.oa_spring.filter.WebLogAspect.doBefore(WebLogAspect.java:50) - CLASS_METHOD : com.wei.oa_spring.controller.UserController.logout
[23:29:42:719] [INFO] - com.wei.oa_spring.filter.WebLogAspect.doBefore(WebLogAspect.java:52) - ARGS(参数) : [org.apache.catalina.session.StandardSessionFacade@5fc35787]
[23:29:42:720] [INFO] - com.wei.oa_spring.filter.WebLogAspect.doAfterReturning(WebLogAspect.java:61) - RESPONSE : "redirect:/login"
[23:29:42:746] [INFO] - com.wei.oa_spring.filter.WebLogAspect.doBefore(WebLogAspect.java:47) - URL : /login
[23:29:42:747] [INFO] - com.wei.oa_spring.filter.WebLogAspect.doBefore(WebLogAspect.java:48) - HTTP_METHOD : GET
[23:29:42:747] [INFO] - com.wei.oa_spring.filter.WebLogAspect.doBefore(WebLogAspect.java:49) - IP : 0:0:0:0:0:0:0:1
[23:29:42:747] [INFO] - com.wei.oa_spring.filter.WebLogAspect.doBefore(WebLogAspect.java:50) - CLASS_METHOD : com.wei.oa_spring.controller.UserController.login_page
[23:29:42:748] [INFO] - com.wei.oa_spring.filter.WebLogAspect.doBefore(WebLogAspect.java:52) - ARGS(参数) : []
[23:29:42:753] [INFO] - com.wei.oa_spring.filter.WebLogAspect.doAfterReturning(WebLogAspect.java:61) - RESPONSE : {"view":null,"model":{"msg":"传给Freemarker的值"},"status":null,"empty":false,"viewName":"login","modelMap":{"msg":"传给Freemarker的值"},"reference":true}
[23:29:48:686] [INFO] - com.wei.oa_spring.filter.WebLogAspect.doBefore(WebLogAspect.java:47) - URL : /check_login
[23:29:48:687] [INFO] - com.wei.oa_spring.filter.WebLogAspect.doBefore(WebLogAspect.java:48) - HTTP_METHOD : POST
[23:29:48:687] [INFO] - com.wei.oa_spring.filter.WebLogAspect.doBefore(WebLogAspect.java:49) - IP : 0:0:0:0:0:0:0:1
[23:29:48:687] [INFO] - com.wei.oa_spring.filter.WebLogAspect.doBefore(WebLogAspect.java:50) - CLASS_METHOD : com.wei.oa_spring.controller.UserController.login
[23:29:48:687] [INFO] - com.wei.oa_spring.filter.WebLogAspect.doBefore(WebLogAspect.java:52) - ARGS(参数) : [m8, 1234, org.apache.catalina.session.StandardSessionFacade@5fc35787]
[23:29:48:701] [INFO] - com.wei.oa_spring.filter.WebLogAspect.doAfterReturning(WebLogAspect.java:61) - RESPONSE : {"status":10000,"msg":"SUCCESS","data":{"userId":1,"username":"m8","password":null,"employeeId":1,"salt":188}}
[23:29:48:743] [INFO] - com.wei.oa_spring.filter.WebLogAspect.doBefore(WebLogAspect.java:47) - URL : /index
[23:29:48:744] [INFO] - com.wei.oa_spring.filter.WebLogAspect.doBefore(WebLogAspect.java:48) - HTTP_METHOD : GET
[23:29:48:745] [INFO] - com.wei.oa_spring.filter.WebLogAspect.doBefore(WebLogAspect.java:49) - IP : 0:0:0:0:0:0:0:1
[23:29:48:745] [INFO] - com.wei.oa_spring.filter.WebLogAspect.doBefore(WebLogAspect.java:50) - CLASS_METHOD : com.wei.oa_spring.controller.IndexController.index
[23:29:48:746] [INFO] - com.wei.oa_spring.filter.WebLogAspect.doBefore(WebLogAspect.java:52) - ARGS(参数) : [org.apache.catalina.connector.RequestFacade@7b4ca550]
[23:29:48:771] [INFO] - com.wei.oa_spring.filter.WebLogAspect.doAfterReturning(WebLogAspect.java:61) - RESPONSE : {"view":null,"model":{},"status":null,"empty":false,"viewName":"/index","modelMap":{},"reference":true}
[23:29:48:933] [INFO] - com.wei.oa_spring.filter.WebLogAspect.doBefore(WebLogAspect.java:47) - URL : /forward/notice
[23:29:48:933] [INFO] - com.wei.oa_spring.filter.WebLogAspect.doBefore(WebLogAspect.java:48) - HTTP_METHOD : GET
[23:29:48:934] [INFO] - com.wei.oa_spring.filter.WebLogAspect.doBefore(WebLogAspect.java:49) - IP : 0:0:0:0:0:0:0:1
[23:29:48:934] [INFO] - com.wei.oa_spring.filter.WebLogAspect.doBefore(WebLogAspect.java:50) - CLASS_METHOD : com.wei.oa_spring.controller.ForwardController.doGet
[23:29:48:935] [INFO] - com.wei.oa_spring.filter.WebLogAspect.doBefore(WebLogAspect.java:52) - ARGS(参数) : [notice, org.apache.catalina.connector.RequestFacade@7b4ca550, org.apache.catalina.connector.ResponseFacade@15b6fe8]
[23:29:48:939] [INFO] - com.wei.oa_spring.filter.WebLogAspect.doAfterReturning(WebLogAspect.java:61) - RESPONSE : {"view":null,"model":{},"status":null,"empty":false,"viewName":"/notice","modelMap":{},"reference":true}
[23:29:49:095] [INFO] - com.wei.oa_spring.filter.WebLogAspect.doBefore(WebLogAspect.java:47) - URL : /notice/list
[23:29:49:096] [INFO] - com.wei.oa_spring.filter.WebLogAspect.doBefore(WebLogAspect.java:48) - HTTP_METHOD : GET
[23:29:49:096] [INFO] - com.wei.oa_spring.filter.WebLogAspect.doBefore(WebLogAspect.java:49) - IP : 0:0:0:0:0:0:0:1
[23:29:49:097] [INFO] - com.wei.oa_spring.filter.WebLogAspect.doBefore(WebLogAspect.java:50) - CLASS_METHOD : com.wei.oa_spring.controller.NoticeController.getNoticeList
[23:29:49:097] [INFO] - com.wei.oa_spring.filter.WebLogAspect.doBefore(WebLogAspect.java:52) - ARGS(参数) : [org.apache.catalina.session.StandardSessionFacade@5fc35787, org.apache.catalina.connector.RequestFacade@7b4ca550, org.apache.catalina.connector.ResponseFacade@15b6fe8]
[23:29:49:114] [INFO] - com.wei.oa_spring.filter.WebLogAspect.doAfterReturning(WebLogAspect.java:61) - RESPONSE : null
[23:29:52:353] [INFO] - com.wei.oa_spring.filter.WebLogAspect.doBefore(WebLogAspect.java:47) - URL : /forward/notice
[23:29:52:353] [INFO] - com.wei.oa_spring.filter.WebLogAspect.doBefore(WebLogAspect.java:48) - HTTP_METHOD : GET
[23:29:52:354] [INFO] - com.wei.oa_spring.filter.WebLogAspect.doBefore(WebLogAspect.java:49) - IP : 0:0:0:0:0:0:0:1
[23:29:52:354] [INFO] - com.wei.oa_spring.filter.WebLogAspect.doBefore(WebLogAspect.java:50) - CLASS_METHOD : com.wei.oa_spring.controller.ForwardController.doGet
[23:29:52:354] [INFO] - com.wei.oa_spring.filter.WebLogAspect.doBefore(WebLogAspect.java:52) - ARGS(参数) : [notice, org.apache.catalina.connector.RequestFacade@7b4ca550, org.apache.catalina.connector.ResponseFacade@15b6fe8]
[23:29:52:358] [INFO] - com.wei.oa_spring.filter.WebLogAspect.doAfterReturning(WebLogAspect.java:61) - RESPONSE : {"view":null,"model":{},"status":null,"empty":false,"viewName":"/notice","modelMap":{},"reference":true}
[23:29:52:533] [INFO] - com.wei.oa_spring.filter.WebLogAspect.doBefore(WebLogAspect.java:47) - URL : /notice/list
[23:29:52:533] [INFO] - com.wei.oa_spring.filter.WebLogAspect.doBefore(WebLogAspect.java:48) - HTTP_METHOD : GET
[23:29:52:534] [INFO] - com.wei.oa_spring.filter.WebLogAspect.doBefore(WebLogAspect.java:49) - IP : 0:0:0:0:0:0:0:1
[23:29:52:534] [INFO] - com.wei.oa_spring.filter.WebLogAspect.doBefore(WebLogAspect.java:50) - CLASS_METHOD : com.wei.oa_spring.controller.NoticeController.getNoticeList
[23:29:52:534] [INFO] - com.wei.oa_spring.filter.WebLogAspect.doBefore(WebLogAspect.java:52) - ARGS(参数) : [org.apache.catalina.session.StandardSessionFacade@5fc35787, org.apache.catalina.connector.RequestFacade@7b4ca550, org.apache.catalina.connector.ResponseFacade@15b6fe8]
[23:29:52:554] [INFO] - com.wei.oa_spring.filter.WebLogAspect.doAfterReturning(WebLogAspect.java:61) - RESPONSE : null
[23:29:54:670] [INFO] - com.wei.oa_spring.filter.WebLogAspect.doBefore(WebLogAspect.java:47) - URL : /forward/form
[23:29:54:670] [INFO] - com.wei.oa_spring.filter.WebLogAspect.doBefore(WebLogAspect.java:48) - HTTP_METHOD : GET
[23:29:54:670] [INFO] - com.wei.oa_spring.filter.WebLogAspect.doBefore(WebLogAspect.java:49) - IP : 0:0:0:0:0:0:0:1
[23:29:54:670] [INFO] - com.wei.oa_spring.filter.WebLogAspect.doBefore(WebLogAspect.java:50) - CLASS_METHOD : com.wei.oa_spring.controller.ForwardController.doGet
[23:29:54:671] [INFO] - com.wei.oa_spring.filter.WebLogAspect.doBefore(WebLogAspect.java:52) - ARGS(参数) : [form, org.apache.catalina.connector.RequestFacade@7b4ca550, org.apache.catalina.connector.ResponseFacade@15b6fe8]
[23:29:54:674] [INFO] - com.wei.oa_spring.filter.WebLogAspect.doAfterReturning(WebLogAspect.java:61) - RESPONSE : {"view":null,"model":{},"status":null,"empty":false,"viewName":"/form","modelMap":{},"reference":true}
[23:29:55:719] [INFO] - com.wei.oa_spring.filter.WebLogAspect.doBefore(WebLogAspect.java:47) - URL : /forward/audit
[23:29:55:719] [INFO] - com.wei.oa_spring.filter.WebLogAspect.doBefore(WebLogAspect.java:48) - HTTP_METHOD : GET
[23:29:55:719] [INFO] - com.wei.oa_spring.filter.WebLogAspect.doBefore(WebLogAspect.java:49) - IP : 0:0:0:0:0:0:0:1
[23:29:55:720] [INFO] - com.wei.oa_spring.filter.WebLogAspect.doBefore(WebLogAspect.java:50) - CLASS_METHOD : com.wei.oa_spring.controller.ForwardController.doGet
[23:29:55:720] [INFO] - com.wei.oa_spring.filter.WebLogAspect.doBefore(WebLogAspect.java:52) - ARGS(参数) : [audit, org.apache.catalina.connector.RequestFacade@7b4ca550, org.apache.catalina.connector.ResponseFacade@15b6fe8]
[23:29:55:724] [INFO] - com.wei.oa_spring.filter.WebLogAspect.doAfterReturning(WebLogAspect.java:61) - RESPONSE : {"view":null,"model":{},"status":null,"empty":false,"viewName":"/audit","modelMap":{},"reference":true}
[23:29:55:917] [INFO] - com.wei.oa_spring.filter.WebLogAspect.doBefore(WebLogAspect.java:47) - URL : /leave/list
[23:29:55:917] [INFO] - com.wei.oa_spring.filter.WebLogAspect.doBefore(WebLogAspect.java:48) - HTTP_METHOD : GET
[23:29:55:917] [INFO] - com.wei.oa_spring.filter.WebLogAspect.doBefore(WebLogAspect.java:49) - IP : 0:0:0:0:0:0:0:1
[23:29:55:918] [INFO] - com.wei.oa_spring.filter.WebLogAspect.doBefore(WebLogAspect.java:50) - CLASS_METHOD : com.wei.oa_spring.controller.LeaveFormController.getLeaveFormList
[23:29:55:918] [INFO] - com.wei.oa_spring.filter.WebLogAspect.doBefore(WebLogAspect.java:52) - ARGS(参数) : [org.apache.catalina.session.StandardSessionFacade@5fc35787]
[23:29:55:946] [INFO] - com.wei.oa_spring.filter.WebLogAspect.doAfterReturning(WebLogAspect.java:61) - RESPONSE : {"code":"0","data":[{"start_time":1679500800000,"reason":"请假三天回家办事","create_time":1679567195000,"department_id":2,"employee_id":2,"department_name":"研发部","form_id":70,"end_time":1679760000000,"name":"齐部门经理","form_type":1,"state":"processing"}],"count":1,"message":""}
[23:29:59:120] [INFO] - com.wei.oa_spring.filter.WebLogAspect.doBefore(WebLogAspect.java:47) - URL : /index
[23:29:59:120] [INFO] - com.wei.oa_spring.filter.WebLogAspect.doBefore(WebLogAspect.java:48) - HTTP_METHOD : GET
[23:29:59:121] [INFO] - com.wei.oa_spring.filter.WebLogAspect.doBefore(WebLogAspect.java:49) - IP : 0:0:0:0:0:0:0:1
[23:29:59:121] [INFO] - com.wei.oa_spring.filter.WebLogAspect.doBefore(WebLogAspect.java:50) - CLASS_METHOD : com.wei.oa_spring.controller.IndexController.index
[23:29:59:121] [INFO] - com.wei.oa_spring.filter.WebLogAspect.doBefore(WebLogAspect.java:52) - ARGS(参数) : [org.apache.catalina.connector.RequestFacade@69ffce81]
[23:29:59:149] [INFO] - com.wei.oa_spring.filter.WebLogAspect.doAfterReturning(WebLogAspect.java:61) - RESPONSE : {"view":null,"model":{},"status":null,"empty":false,"viewName":"/index","modelMap":{},"reference":true}
[23:29:59:266] [INFO] - com.wei.oa_spring.filter.WebLogAspect.doBefore(WebLogAspect.java:47) - URL : /forward/notice
[23:29:59:267] [INFO] - com.wei.oa_spring.filter.WebLogAspect.doBefore(WebLogAspect.java:48) - HTTP_METHOD : GET
[23:29:59:268] [INFO] - com.wei.oa_spring.filter.WebLogAspect.doBefore(WebLogAspect.java:49) - IP : 0:0:0:0:0:0:0:1
[23:29:59:268] [INFO] - com.wei.oa_spring.filter.WebLogAspect.doBefore(WebLogAspect.java:50) - CLASS_METHOD : com.wei.oa_spring.controller.ForwardController.doGet
[23:29:59:268] [INFO] - com.wei.oa_spring.filter.WebLogAspect.doBefore(WebLogAspect.java:52) - ARGS(参数) : [notice, org.apache.catalina.connector.RequestFacade@69ffce81, org.apache.catalina.connector.ResponseFacade@603e0fca]
[23:29:59:276] [INFO] - com.wei.oa_spring.filter.WebLogAspect.doAfterReturning(WebLogAspect.java:61) - RESPONSE : {"view":null,"model":{},"status":null,"empty":false,"viewName":"/notice","modelMap":{},"reference":true}
[23:29:59:455] [INFO] - com.wei.oa_spring.filter.WebLogAspect.doBefore(WebLogAspect.java:47) - URL : /notice/list
[23:29:59:455] [INFO] - com.wei.oa_spring.filter.WebLogAspect.doBefore(WebLogAspect.java:48) - HTTP_METHOD : GET
[23:29:59:456] [INFO] - com.wei.oa_spring.filter.WebLogAspect.doBefore(WebLogAspect.java:49) - IP : 0:0:0:0:0:0:0:1
[23:29:59:456] [INFO] - com.wei.oa_spring.filter.WebLogAspect.doBefore(WebLogAspect.java:50) - CLASS_METHOD : com.wei.oa_spring.controller.NoticeController.getNoticeList
[23:29:59:457] [INFO] - com.wei.oa_spring.filter.WebLogAspect.doBefore(WebLogAspect.java:52) - ARGS(参数) : [org.apache.catalina.session.StandardSessionFacade@5fc35787, org.apache.catalina.connector.RequestFacade@69ffce81, org.apache.catalina.connector.ResponseFacade@603e0fca]
[23:29:59:466] [INFO] - com.wei.oa_spring.filter.WebLogAspect.doAfterReturning(WebLogAspect.java:61) - RESPONSE : null
[23:30:00:594] [INFO] - com.wei.oa_spring.filter.WebLogAspect.doBefore(WebLogAspect.java:47) - URL : /forward/audit
[23:30:00:595] [INFO] - com.wei.oa_spring.filter.WebLogAspect.doBefore(WebLogAspect.java:48) - HTTP_METHOD : GET
[23:30:00:595] [INFO] - com.wei.oa_spring.filter.WebLogAspect.doBefore(WebLogAspect.java:49) - IP : 0:0:0:0:0:0:0:1
[23:30:00:596] [INFO] - com.wei.oa_spring.filter.WebLogAspect.doBefore(WebLogAspect.java:50) - CLASS_METHOD : com.wei.oa_spring.controller.ForwardController.doGet
[23:30:00:596] [INFO] - com.wei.oa_spring.filter.WebLogAspect.doBefore(WebLogAspect.java:52) - ARGS(参数) : [audit, org.apache.catalina.connector.RequestFacade@69ffce81, org.apache.catalina.connector.ResponseFacade@603e0fca]
[23:30:00:601] [INFO] - com.wei.oa_spring.filter.WebLogAspect.doAfterReturning(WebLogAspect.java:61) - RESPONSE : {"view":null,"model":{},"status":null,"empty":false,"viewName":"/audit","modelMap":{},"reference":true}
[23:30:00:783] [INFO] - com.wei.oa_spring.filter.WebLogAspect.doBefore(WebLogAspect.java:47) - URL : /leave/list
[23:30:00:784] [INFO] - com.wei.oa_spring.filter.WebLogAspect.doBefore(WebLogAspect.java:48) - HTTP_METHOD : GET
[23:30:00:784] [INFO] - com.wei.oa_spring.filter.WebLogAspect.doBefore(WebLogAspect.java:49) - IP : 0:0:0:0:0:0:0:1
[23:30:00:784] [INFO] - com.wei.oa_spring.filter.WebLogAspect.doBefore(WebLogAspect.java:50) - CLASS_METHOD : com.wei.oa_spring.controller.LeaveFormController.getLeaveFormList
[23:30:00:784] [INFO] - com.wei.oa_spring.filter.WebLogAspect.doBefore(WebLogAspect.java:52) - ARGS(参数) : [org.apache.catalina.session.StandardSessionFacade@5fc35787]
[23:30:00:797] [INFO] - com.wei.oa_spring.filter.WebLogAspect.doAfterReturning(WebLogAspect.java:61) - RESPONSE : {"code":"0","data":[{"start_time":1679500800000,"reason":"请假三天回家办事","create_time":1679567195000,"department_id":2,"employee_id":2,"department_name":"研发部","form_id":70,"end_time":1679760000000,"name":"齐部门经理","form_type":1,"state":"processing"}],"count":1,"message":""}
[23:33:57:909] [INFO] - com.wei.oa_spring.filter.WebLogAspect.doBefore(WebLogAspect.java:47) - URL : /logout
[23:33:57:910] [INFO] - com.wei.oa_spring.filter.WebLogAspect.doBefore(WebLogAspect.java:48) - HTTP_METHOD : GET
[23:33:57:910] [INFO] - com.wei.oa_spring.filter.WebLogAspect.doBefore(WebLogAspect.java:49) - IP : 0:0:0:0:0:0:0:1
[23:33:57:911] [INFO] - com.wei.oa_spring.filter.WebLogAspect.doBefore(WebLogAspect.java:50) - CLASS_METHOD : com.wei.oa_spring.controller.UserController.logout
[23:33:57:911] [INFO] - com.wei.oa_spring.filter.WebLogAspect.doBefore(WebLogAspect.java:52) - ARGS(参数) : [org.apache.catalina.session.StandardSessionFacade@5fc35787]
[23:33:57:912] [INFO] - com.wei.oa_spring.filter.WebLogAspect.doAfterReturning(WebLogAspect.java:61) - RESPONSE : "redirect:/login"
[23:33:57:928] [INFO] - com.wei.oa_spring.filter.WebLogAspect.doBefore(WebLogAspect.java:47) - URL : /login
[23:33:57:929] [INFO] - com.wei.oa_spring.filter.WebLogAspect.doBefore(WebLogAspect.java:48) - HTTP_METHOD : GET
[23:33:57:929] [INFO] - com.wei.oa_spring.filter.WebLogAspect.doBefore(WebLogAspect.java:49) - IP : 0:0:0:0:0:0:0:1
[23:33:57:929] [INFO] - com.wei.oa_spring.filter.WebLogAspect.doBefore(WebLogAspect.java:50) - CLASS_METHOD : com.wei.oa_spring.controller.UserController.login_page
[23:33:57:929] [INFO] - com.wei.oa_spring.filter.WebLogAspect.doBefore(WebLogAspect.java:52) - ARGS(参数) : []
[23:33:57:933] [INFO] - com.wei.oa_spring.filter.WebLogAspect.doAfterReturning(WebLogAspect.java:61) - RESPONSE : {"view":null,"model":{"msg":"传给Freemarker的值"},"status":null,"empty":false,"viewName":"login","modelMap":{"msg":"传给Freemarker的值"},"reference":true}
[23:34:01:790] [INFO] - com.wei.oa_spring.filter.WebLogAspect.doBefore(WebLogAspect.java:47) - URL : /check_login
[23:34:01:791] [INFO] - com.wei.oa_spring.filter.WebLogAspect.doBefore(WebLogAspect.java:48) - HTTP_METHOD : POST
[23:34:01:792] [INFO] - com.wei.oa_spring.filter.WebLogAspect.doBefore(WebLogAspect.java:49) - IP : 0:0:0:0:0:0:0:1
[23:34:01:792] [INFO] - com.wei.oa_spring.filter.WebLogAspect.doBefore(WebLogAspect.java:50) - CLASS_METHOD : com.wei.oa_spring.controller.UserController.login
[23:34:01:793] [INFO] - com.wei.oa_spring.filter.WebLogAspect.doBefore(WebLogAspect.java:52) - ARGS(参数) : [t7, 1234, org.apache.catalina.session.StandardSessionFacade@5fc35787]
[23:34:01:812] [INFO] - com.wei.oa_spring.filter.WebLogAspect.doAfterReturning(WebLogAspect.java:61) - RESPONSE : {"status":10000,"msg":"SUCCESS","data":{"userId":2,"username":"t7","password":null,"employeeId":2,"salt":189}}
[23:34:01:845] [INFO] - com.wei.oa_spring.filter.WebLogAspect.doBefore(WebLogAspect.java:47) - URL : /index
[23:34:01:846] [INFO] - com.wei.oa_spring.filter.WebLogAspect.doBefore(WebLogAspect.java:48) - HTTP_METHOD : GET
[23:34:01:846] [INFO] - com.wei.oa_spring.filter.WebLogAspect.doBefore(WebLogAspect.java:49) - IP : 0:0:0:0:0:0:0:1
[23:34:01:846] [INFO] - com.wei.oa_spring.filter.WebLogAspect.doBefore(WebLogAspect.java:50) - CLASS_METHOD : com.wei.oa_spring.controller.IndexController.index
[23:34:01:846] [INFO] - com.wei.oa_spring.filter.WebLogAspect.doBefore(WebLogAspect.java:52) - ARGS(参数) : [org.apache.catalina.connector.RequestFacade@69ffce81]
[23:34:01:869] [INFO] - com.wei.oa_spring.filter.WebLogAspect.doAfterReturning(WebLogAspect.java:61) - RESPONSE : {"view":null,"model":{},"status":null,"empty":false,"viewName":"/index","modelMap":{},"reference":true}
[23:34:02:032] [INFO] - com.wei.oa_spring.filter.WebLogAspect.doBefore(WebLogAspect.java:47) - URL : /forward/notice
[23:34:02:032] [INFO] - com.wei.oa_spring.filter.WebLogAspect.doBefore(WebLogAspect.java:48) - HTTP_METHOD : GET
[23:34:02:032] [INFO] - com.wei.oa_spring.filter.WebLogAspect.doBefore(WebLogAspect.java:49) - IP : 0:0:0:0:0:0:0:1
[23:34:02:032] [INFO] - com.wei.oa_spring.filter.WebLogAspect.doBefore(WebLogAspect.java:50) - CLASS_METHOD : com.wei.oa_spring.controller.ForwardController.doGet
[23:34:02:033] [INFO] - com.wei.oa_spring.filter.WebLogAspect.doBefore(WebLogAspect.java:52) - ARGS(参数) : [notice, org.apache.catalina.connector.RequestFacade@69ffce81, org.apache.catalina.connector.ResponseFacade@603e0fca]
[23:34:02:037] [INFO] - com.wei.oa_spring.filter.WebLogAspect.doAfterReturning(WebLogAspect.java:61) - RESPONSE : {"view":null,"model":{},"status":null,"empty":false,"viewName":"/notice","modelMap":{},"reference":true}
[23:34:02:192] [INFO] - com.wei.oa_spring.filter.WebLogAspect.doBefore(WebLogAspect.java:47) - URL : /notice/list
[23:34:02:193] [INFO] - com.wei.oa_spring.filter.WebLogAspect.doBefore(WebLogAspect.java:48) - HTTP_METHOD : GET
[23:34:02:193] [INFO] - com.wei.oa_spring.filter.WebLogAspect.doBefore(WebLogAspect.java:49) - IP : 0:0:0:0:0:0:0:1
[23:34:02:193] [INFO] - com.wei.oa_spring.filter.WebLogAspect.doBefore(WebLogAspect.java:50) - CLASS_METHOD : com.wei.oa_spring.controller.NoticeController.getNoticeList
[23:34:02:193] [INFO] - com.wei.oa_spring.filter.WebLogAspect.doBefore(WebLogAspect.java:52) - ARGS(参数) : [org.apache.catalina.session.StandardSessionFacade@5fc35787, org.apache.catalina.connector.RequestFacade@69ffce81, org.apache.catalina.connector.ResponseFacade@603e0fca]
[23:34:02:201] [INFO] - com.wei.oa_spring.filter.WebLogAspect.doAfterReturning(WebLogAspect.java:61) - RESPONSE : null
[23:34:08:420] [INFO] - com.wei.oa_spring.filter.WebLogAspect.doBefore(WebLogAspect.java:47) - URL : /forward/audit
[23:34:08:421] [INFO] - com.wei.oa_spring.filter.WebLogAspect.doBefore(WebLogAspect.java:48) - HTTP_METHOD : GET
[23:34:08:421] [INFO] - com.wei.oa_spring.filter.WebLogAspect.doBefore(WebLogAspect.java:49) - IP : 0:0:0:0:0:0:0:1
[23:34:08:421] [INFO] - com.wei.oa_spring.filter.WebLogAspect.doBefore(WebLogAspect.java:50) - CLASS_METHOD : com.wei.oa_spring.controller.ForwardController.doGet
[23:34:08:422] [INFO] - com.wei.oa_spring.filter.WebLogAspect.doBefore(WebLogAspect.java:52) - ARGS(参数) : [audit, org.apache.catalina.connector.RequestFacade@69ffce81, org.apache.catalina.connector.ResponseFacade@603e0fca]
[23:34:08:426] [INFO] - com.wei.oa_spring.filter.WebLogAspect.doAfterReturning(WebLogAspect.java:61) - RESPONSE : {"view":null,"model":{},"status":null,"empty":false,"viewName":"/audit","modelMap":{},"reference":true}
[23:34:08:623] [INFO] - com.wei.oa_spring.filter.WebLogAspect.doBefore(WebLogAspect.java:47) - URL : /leave/list
[23:34:08:623] [INFO] - com.wei.oa_spring.filter.WebLogAspect.doBefore(WebLogAspect.java:48) - HTTP_METHOD : GET
[23:34:08:624] [INFO] - com.wei.oa_spring.filter.WebLogAspect.doBefore(WebLogAspect.java:49) - IP : 0:0:0:0:0:0:0:1
[23:34:08:624] [INFO] - com.wei.oa_spring.filter.WebLogAspect.doBefore(WebLogAspect.java:50) - CLASS_METHOD : com.wei.oa_spring.controller.LeaveFormController.getLeaveFormList
[23:34:08:624] [INFO] - com.wei.oa_spring.filter.WebLogAspect.doBefore(WebLogAspect.java:52) - ARGS(参数) : [org.apache.catalina.session.StandardSessionFacade@5fc35787]
[23:34:08:639] [INFO] - com.wei.oa_spring.filter.WebLogAspect.doAfterReturning(WebLogAspect.java:61) - RESPONSE : {"code":"0","data":[{"start_time":1679587200000,"reason":"回家结婚","create_time":1679671680000,"department_id":2,"employee_id":5,"department_name":"研发部","form_id":72,"end_time":1679846400000,"name":"陈工程师","form_type":4,"state":"processing"}],"count":1,"message":""}
[23:34:51:017] [INFO] - com.wei.oa_spring.filter.WebLogAspect.doBefore(WebLogAspect.java:47) - URL : /leave/audit
[23:34:51:017] [INFO] - com.wei.oa_spring.filter.WebLogAspect.doBefore(WebLogAspect.java:48) - HTTP_METHOD : POST
[23:34:51:017] [INFO] - com.wei.oa_spring.filter.WebLogAspect.doBefore(WebLogAspect.java:49) - IP : 0:0:0:0:0:0:0:1
[23:34:51:018] [INFO] - com.wei.oa_spring.filter.WebLogAspect.doBefore(WebLogAspect.java:50) - CLASS_METHOD : com.wei.oa_spring.controller.LeaveFormController.audit
[23:34:51:018] [INFO] - com.wei.oa_spring.filter.WebLogAspect.doBefore(WebLogAspect.java:52) - ARGS(参数) : [org.apache.catalina.session.StandardSessionFacade@5fc35787, org.apache.catalina.connector.RequestFacade@7b4ca550, org.apache.catalina.connector.ResponseFacade@15b6fe8]
[23:37:14:592] [WARN] - com.zaxxer.hikari.pool.HikariPool$HouseKeeper.run(HikariPool.java:787) - imooc_oa_datasource - Thread starvation or clock leap detected (housekeeper delta=2m25s837ms686µs900ns).
[23:41:57:036] [INFO] - com.wei.oa_spring.filter.WebLogAspect.doBefore(WebLogAspect.java:47) - URL : /index
[23:41:57:036] [INFO] - com.wei.oa_spring.filter.WebLogAspect.doBefore(WebLogAspect.java:48) - HTTP_METHOD : GET
[23:41:57:036] [INFO] - com.wei.oa_spring.filter.WebLogAspect.doBefore(WebLogAspect.java:49) - IP : 0:0:0:0:0:0:0:1
[23:41:57:036] [INFO] - com.wei.oa_spring.filter.WebLogAspect.doBefore(WebLogAspect.java:50) - CLASS_METHOD : com.wei.oa_spring.controller.IndexController.index
[23:41:57:037] [INFO] - com.wei.oa_spring.filter.WebLogAspect.doBefore(WebLogAspect.java:52) - ARGS(参数) : [org.apache.catalina.connector.RequestFacade@7b4ca550]
[23:41:57:065] [INFO] - com.wei.oa_spring.filter.WebLogAspect.doAfterReturning(WebLogAspect.java:61) - RESPONSE : {"view":null,"model":{},"status":null,"empty":false,"viewName":"/index","modelMap":{},"reference":true}
[23:41:57:350] [INFO] - com.wei.oa_spring.filter.WebLogAspect.doBefore(WebLogAspect.java:47) - URL : /forward/notice
[23:41:57:351] [INFO] - com.wei.oa_spring.filter.WebLogAspect.doBefore(WebLogAspect.java:48) - HTTP_METHOD : GET
[23:41:57:351] [INFO] - com.wei.oa_spring.filter.WebLogAspect.doBefore(WebLogAspect.java:49) - IP : 0:0:0:0:0:0:0:1
[23:41:57:351] [INFO] - com.wei.oa_spring.filter.WebLogAspect.doBefore(WebLogAspect.java:50) - CLASS_METHOD : com.wei.oa_spring.controller.ForwardController.doGet
[23:41:57:351] [INFO] - com.wei.oa_spring.filter.WebLogAspect.doBefore(WebLogAspect.java:52) - ARGS(参数) : [notice, org.apache.catalina.connector.RequestFacade@69ffce81, org.apache.catalina.connector.ResponseFacade@603e0fca]
[23:41:57:355] [INFO] - com.wei.oa_spring.filter.WebLogAspect.doAfterReturning(WebLogAspect.java:61) - RESPONSE : {"view":null,"model":{},"status":null,"empty":false,"viewName":"/notice","modelMap":{},"reference":true}
[23:41:57:631] [INFO] - com.wei.oa_spring.filter.WebLogAspect.doBefore(WebLogAspect.java:47) - URL : /notice/list
[23:41:57:631] [INFO] - com.wei.oa_spring.filter.WebLogAspect.doBefore(WebLogAspect.java:48) - HTTP_METHOD : GET
[23:41:57:631] [INFO] - com.wei.oa_spring.filter.WebLogAspect.doBefore(WebLogAspect.java:49) - IP : 0:0:0:0:0:0:0:1
[23:41:57:631] [INFO] - com.wei.oa_spring.filter.WebLogAspect.doBefore(WebLogAspect.java:50) - CLASS_METHOD : com.wei.oa_spring.controller.NoticeController.getNoticeList
[23:41:57:632] [INFO] - com.wei.oa_spring.filter.WebLogAspect.doBefore(WebLogAspect.java:52) - ARGS(参数) : [org.apache.catalina.session.StandardSessionFacade@5fc35787, org.apache.catalina.connector.RequestFacade@69ffce81, org.apache.catalina.connector.ResponseFacade@603e0fca]
[23:41:57:641] [INFO] - com.wei.oa_spring.filter.WebLogAspect.doAfterReturning(WebLogAspect.java:61) - RESPONSE : null
[23:41:58:989] [INFO] - com.wei.oa_spring.filter.WebLogAspect.doBefore(WebLogAspect.java:47) - URL : /forward/audit
[23:41:58:989] [INFO] - com.wei.oa_spring.filter.WebLogAspect.doBefore(WebLogAspect.java:48) - HTTP_METHOD : GET
[23:41:58:989] [INFO] - com.wei.oa_spring.filter.WebLogAspect.doBefore(WebLogAspect.java:49) - IP : 0:0:0:0:0:0:0:1
[23:41:58:990] [INFO] - com.wei.oa_spring.filter.WebLogAspect.doBefore(WebLogAspect.java:50) - CLASS_METHOD : com.wei.oa_spring.controller.ForwardController.doGet
[23:41:58:990] [INFO] - com.wei.oa_spring.filter.WebLogAspect.doBefore(WebLogAspect.java:52) - ARGS(参数) : [audit, org.apache.catalina.connector.RequestFacade@69ffce81, org.apache.catalina.connector.ResponseFacade@603e0fca]
[23:41:58:995] [INFO] - com.wei.oa_spring.filter.WebLogAspect.doAfterReturning(WebLogAspect.java:61) - RESPONSE : {"view":null,"model":{},"status":null,"empty":false,"viewName":"/audit","modelMap":{},"reference":true}
[23:41:59:268] [INFO] - com.wei.oa_spring.filter.WebLogAspect.doBefore(WebLogAspect.java:47) - URL : /leave/list
[23:41:59:268] [INFO] - com.wei.oa_spring.filter.WebLogAspect.doBefore(WebLogAspect.java:48) - HTTP_METHOD : GET
[23:41:59:268] [INFO] - com.wei.oa_spring.filter.WebLogAspect.doBefore(WebLogAspect.java:49) - IP : 0:0:0:0:0:0:0:1
[23:41:59:269] [INFO] - com.wei.oa_spring.filter.WebLogAspect.doBefore(WebLogAspect.java:50) - CLASS_METHOD : com.wei.oa_spring.controller.LeaveFormController.getLeaveFormList
[23:41:59:269] [INFO] - com.wei.oa_spring.filter.WebLogAspect.doBefore(WebLogAspect.java:52) - ARGS(参数) : [org.apache.catalina.session.StandardSessionFacade@5fc35787]
[23:41:59:279] [INFO] - com.wei.oa_spring.filter.WebLogAspect.doAfterReturning(WebLogAspect.java:61) - RESPONSE : {"code":"0","data":[],"count":0,"message":""}
[23:50:52:716] [INFO] - com.wei.oa_spring.filter.WebLogAspect.doBefore(WebLogAspect.java:47) - URL : /logout
[23:50:52:717] [INFO] - com.wei.oa_spring.filter.WebLogAspect.doBefore(WebLogAspect.java:48) - HTTP_METHOD : GET
[23:50:52:718] [INFO] - com.wei.oa_spring.filter.WebLogAspect.doBefore(WebLogAspect.java:49) - IP : 0:0:0:0:0:0:0:1
[23:50:52:718] [INFO] - com.wei.oa_spring.filter.WebLogAspect.doBefore(WebLogAspect.java:50) - CLASS_METHOD : com.wei.oa_spring.controller.UserController.logout
[23:50:52:718] [INFO] - com.wei.oa_spring.filter.WebLogAspect.doBefore(WebLogAspect.java:52) - ARGS(参数) : [org.apache.catalina.session.StandardSessionFacade@5fc35787]
[23:50:52:724] [INFO] - com.wei.oa_spring.filter.WebLogAspect.doAfterReturning(WebLogAspect.java:61) - RESPONSE : "redirect:/login"
[23:50:52:753] [INFO] - com.wei.oa_spring.filter.WebLogAspect.doBefore(WebLogAspect.java:47) - URL : /login
[23:50:52:754] [INFO] - com.wei.oa_spring.filter.WebLogAspect.doBefore(WebLogAspect.java:48) - HTTP_METHOD : GET
[23:50:52:754] [INFO] - com.wei.oa_spring.filter.WebLogAspect.doBefore(WebLogAspect.java:49) - IP : 0:0:0:0:0:0:0:1
[23:50:52:754] [INFO] - com.wei.oa_spring.filter.WebLogAspect.doBefore(WebLogAspect.java:50) - CLASS_METHOD : com.wei.oa_spring.controller.UserController.login_page
[23:50:52:755] [INFO] - com.wei.oa_spring.filter.WebLogAspect.doBefore(WebLogAspect.java:52) - ARGS(参数) : []
[23:50:52:768] [INFO] - com.wei.oa_spring.filter.WebLogAspect.doAfterReturning(WebLogAspect.java:61) - RESPONSE : {"view":null,"model":{"msg":"传给Freemarker的值"},"status":null,"empty":false,"viewName":"login","modelMap":{"msg":"传给Freemarker的值"},"reference":true}
[23:50:56:824] [INFO] - com.wei.oa_spring.filter.WebLogAspect.doBefore(WebLogAspect.java:47) - URL : /check_login
[23:50:56:825] [INFO] - com.wei.oa_spring.filter.WebLogAspect.doBefore(WebLogAspect.java:48) - HTTP_METHOD : POST
[23:50:56:825] [INFO] - com.wei.oa_spring.filter.WebLogAspect.doBefore(WebLogAspect.java:49) - IP : 0:0:0:0:0:0:0:1
[23:50:56:825] [INFO] - com.wei.oa_spring.filter.WebLogAspect.doBefore(WebLogAspect.java:50) - CLASS_METHOD : com.wei.oa_spring.controller.UserController.login
[23:50:56:825] [INFO] - com.wei.oa_spring.filter.WebLogAspect.doBefore(WebLogAspect.java:52) - ARGS(参数) : [m8, 1234, org.apache.catalina.session.StandardSessionFacade@5fc35787]
[23:50:56:886] [INFO] - com.wei.oa_spring.filter.WebLogAspect.doAfterReturning(WebLogAspect.java:61) - RESPONSE : {"status":10000,"msg":"SUCCESS","data":{"userId":1,"username":"m8","password":null,"employeeId":1,"salt":188}}
[23:50:56:939] [INFO] - com.wei.oa_spring.filter.WebLogAspect.doBefore(WebLogAspect.java:47) - URL : /index
[23:50:56:940] [INFO] - com.wei.oa_spring.filter.WebLogAspect.doBefore(WebLogAspect.java:48) - HTTP_METHOD : GET
[23:50:56:940] [INFO] - com.wei.oa_spring.filter.WebLogAspect.doBefore(WebLogAspect.java:49) - IP : 0:0:0:0:0:0:0:1
[23:50:56:940] [INFO] - com.wei.oa_spring.filter.WebLogAspect.doBefore(WebLogAspect.java:50) - CLASS_METHOD : com.wei.oa_spring.controller.IndexController.index
[23:50:56:941] [INFO] - com.wei.oa_spring.filter.WebLogAspect.doBefore(WebLogAspect.java:52) - ARGS(参数) : [org.apache.catalina.connector.RequestFacade@42a63663]
[23:50:56:974] [INFO] - com.wei.oa_spring.filter.WebLogAspect.doAfterReturning(WebLogAspect.java:61) - RESPONSE : {"view":null,"model":{},"status":null,"empty":false,"viewName":"/index","modelMap":{},"reference":true}
[23:50:57:254] [INFO] - com.wei.oa_spring.filter.WebLogAspect.doBefore(WebLogAspect.java:47) - URL : /forward/notice
[23:50:57:254] [INFO] - com.wei.oa_spring.filter.WebLogAspect.doBefore(WebLogAspect.java:48) - HTTP_METHOD : GET
[23:50:57:255] [INFO] - com.wei.oa_spring.filter.WebLogAspect.doBefore(WebLogAspect.java:49) - IP : 0:0:0:0:0:0:0:1
[23:50:57:255] [INFO] - com.wei.oa_spring.filter.WebLogAspect.doBefore(WebLogAspect.java:50) - CLASS_METHOD : com.wei.oa_spring.controller.ForwardController.doGet
[23:50:57:255] [INFO] - com.wei.oa_spring.filter.WebLogAspect.doBefore(WebLogAspect.java:52) - ARGS(参数) : [notice, org.apache.catalina.connector.RequestFacade@42a63663, org.apache.catalina.connector.ResponseFacade@4b742139]
[23:50:57:261] [INFO] - com.wei.oa_spring.filter.WebLogAspect.doAfterReturning(WebLogAspect.java:61) - RESPONSE : {"view":null,"model":{},"status":null,"empty":false,"viewName":"/notice","modelMap":{},"reference":true}
[23:50:57:533] [INFO] - com.wei.oa_spring.filter.WebLogAspect.doBefore(WebLogAspect.java:47) - URL : /notice/list
[23:50:57:533] [INFO] - com.wei.oa_spring.filter.WebLogAspect.doBefore(WebLogAspect.java:48) - HTTP_METHOD : GET
[23:50:57:533] [INFO] - com.wei.oa_spring.filter.WebLogAspect.doBefore(WebLogAspect.java:49) - IP : 0:0:0:0:0:0:0:1
[23:50:57:534] [INFO] - com.wei.oa_spring.filter.WebLogAspect.doBefore(WebLogAspect.java:50) - CLASS_METHOD : com.wei.oa_spring.controller.NoticeController.getNoticeList
[23:50:57:534] [INFO] - com.wei.oa_spring.filter.WebLogAspect.doBefore(WebLogAspect.java:52) - ARGS(参数) : [org.apache.catalina.session.StandardSessionFacade@5fc35787, org.apache.catalina.connector.RequestFacade@7b4ca550, org.apache.catalina.connector.ResponseFacade@15b6fe8]
[23:50:57:550] [INFO] - com.wei.oa_spring.filter.WebLogAspect.doAfterReturning(WebLogAspect.java:61) - RESPONSE : null
[23:51:04:154] [INFO] - com.wei.oa_spring.filter.WebLogAspect.doBefore(WebLogAspect.java:47) - URL : /forward/audit
[23:51:04:155] [INFO] - com.wei.oa_spring.filter.WebLogAspect.doBefore(WebLogAspect.java:48) - HTTP_METHOD : GET
[23:51:04:155] [INFO] - com.wei.oa_spring.filter.WebLogAspect.doBefore(WebLogAspect.java:49) - IP : 0:0:0:0:0:0:0:1
[23:51:04:156] [INFO] - com.wei.oa_spring.filter.WebLogAspect.doBefore(WebLogAspect.java:50) - CLASS_METHOD : com.wei.oa_spring.controller.ForwardController.doGet
[23:51:04:156] [INFO] - com.wei.oa_spring.filter.WebLogAspect.doBefore(WebLogAspect.java:52) - ARGS(参数) : [audit, org.apache.catalina.connector.RequestFacade@7b4ca550, org.apache.catalina.connector.ResponseFacade@15b6fe8]
[23:51:04:162] [INFO] - com.wei.oa_spring.filter.WebLogAspect.doAfterReturning(WebLogAspect.java:61) - RESPONSE : {"view":null,"model":{},"status":null,"empty":false,"viewName":"/audit","modelMap":{},"reference":true}
[23:51:04:419] [INFO] - com.wei.oa_spring.filter.WebLogAspect.doBefore(WebLogAspect.java:47) - URL : /leave/list
[23:51:04:419] [INFO] - com.wei.oa_spring.filter.WebLogAspect.doBefore(WebLogAspect.java:48) - HTTP_METHOD : GET
[23:51:04:419] [INFO] - com.wei.oa_spring.filter.WebLogAspect.doBefore(WebLogAspect.java:49) - IP : 0:0:0:0:0:0:0:1
[23:51:04:419] [INFO] - com.wei.oa_spring.filter.WebLogAspect.doBefore(WebLogAspect.java:50) - CLASS_METHOD : com.wei.oa_spring.controller.LeaveFormController.getLeaveFormList
[23:51:04:419] [INFO] - com.wei.oa_spring.filter.WebLogAspect.doBefore(WebLogAspect.java:52) - ARGS(参数) : [org.apache.catalina.session.StandardSessionFacade@5fc35787]
[23:51:04:429] [INFO] - com.wei.oa_spring.filter.WebLogAspect.doAfterReturning(WebLogAspect.java:61) - RESPONSE : {"code":"0","data":[{"start_time":1679500800000,"reason":"请假三天回家办事","create_time":1679567195000,"department_id":2,"employee_id":2,"department_name":"研发部","form_id":70,"end_time":1679760000000,"name":"齐部门经理","form_type":1,"state":"processing"},{"start_time":1679587200000,"reason":"回家结婚","create_time":1679671680000,"department_id":2,"employee_id":5,"department_name":"研发部","form_id":72,"end_time":1679846400000,"name":"陈工程师","form_type":4,"state":"processing"}],"count":2,"message":""}
[23:51:07:661] [INFO] - com.wei.oa_spring.filter.WebLogAspect.doBefore(WebLogAspect.java:47) - URL : /index
[23:51:07:662] [INFO] - com.wei.oa_spring.filter.WebLogAspect.doBefore(WebLogAspect.java:48) - HTTP_METHOD : GET
[23:51:07:662] [INFO] - com.wei.oa_spring.filter.WebLogAspect.doBefore(WebLogAspect.java:49) - IP : 0:0:0:0:0:0:0:1
[23:51:07:662] [INFO] - com.wei.oa_spring.filter.WebLogAspect.doBefore(WebLogAspect.java:50) - CLASS_METHOD : com.wei.oa_spring.controller.IndexController.index
[23:51:07:663] [INFO] - com.wei.oa_spring.filter.WebLogAspect.doBefore(WebLogAspect.java:52) - ARGS(参数) : [org.apache.catalina.connector.RequestFacade@42a63663]
[23:51:07:685] [INFO] - com.wei.oa_spring.filter.WebLogAspect.doAfterReturning(WebLogAspect.java:61) - RESPONSE : {"view":null,"model":{},"status":null,"empty":false,"viewName":"/index","modelMap":{},"reference":true}
[23:51:07:887] [INFO] - com.wei.oa_spring.filter.WebLogAspect.doBefore(WebLogAspect.java:47) - URL : /forward/notice
[23:51:07:887] [INFO] - com.wei.oa_spring.filter.WebLogAspect.doBefore(WebLogAspect.java:48) - HTTP_METHOD : GET
[23:51:07:887] [INFO] - com.wei.oa_spring.filter.WebLogAspect.doBefore(WebLogAspect.java:49) - IP : 0:0:0:0:0:0:0:1
[23:51:07:888] [INFO] - com.wei.oa_spring.filter.WebLogAspect.doBefore(WebLogAspect.java:50) - CLASS_METHOD : com.wei.oa_spring.controller.ForwardController.doGet
[23:51:07:888] [INFO] - com.wei.oa_spring.filter.WebLogAspect.doBefore(WebLogAspect.java:52) - ARGS(参数) : [notice, org.apache.catalina.connector.RequestFacade@42a63663, org.apache.catalina.connector.ResponseFacade@4b742139]
[23:51:07:892] [INFO] - com.wei.oa_spring.filter.WebLogAspect.doAfterReturning(WebLogAspect.java:61) - RESPONSE : {"view":null,"model":{},"status":null,"empty":false,"viewName":"/notice","modelMap":{},"reference":true}
[23:51:08:161] [INFO] - com.wei.oa_spring.filter.WebLogAspect.doBefore(WebLogAspect.java:47) - URL : /notice/list
[23:51:08:161] [INFO] - com.wei.oa_spring.filter.WebLogAspect.doBefore(WebLogAspect.java:48) - HTTP_METHOD : GET
[23:51:08:162] [INFO] - com.wei.oa_spring.filter.WebLogAspect.doBefore(WebLogAspect.java:49) - IP : 0:0:0:0:0:0:0:1
[23:51:08:162] [INFO] - com.wei.oa_spring.filter.WebLogAspect.doBefore(WebLogAspect.java:50) - CLASS_METHOD : com.wei.oa_spring.controller.NoticeController.getNoticeList
[23:51:08:162] [INFO] - com.wei.oa_spring.filter.WebLogAspect.doBefore(WebLogAspect.java:52) - ARGS(参数) : [org.apache.catalina.session.StandardSessionFacade@5fc35787, org.apache.catalina.connector.RequestFacade@42a63663, org.apache.catalina.connector.ResponseFacade@4b742139]
[23:51:08:170] [INFO] - com.wei.oa_spring.filter.WebLogAspect.doAfterReturning(WebLogAspect.java:61) - RESPONSE : null
[23:51:09:673] [INFO] - com.wei.oa_spring.filter.WebLogAspect.doBefore(WebLogAspect.java:47) - URL : /forward/audit
[23:51:09:674] [INFO] - com.wei.oa_spring.filter.WebLogAspect.doBefore(WebLogAspect.java:48) - HTTP_METHOD : GET
[23:51:09:674] [INFO] - com.wei.oa_spring.filter.WebLogAspect.doBefore(WebLogAspect.java:49) - IP : 0:0:0:0:0:0:0:1
[23:51:09:674] [INFO] - com.wei.oa_spring.filter.WebLogAspect.doBefore(WebLogAspect.java:50) - CLASS_METHOD : com.wei.oa_spring.controller.ForwardController.doGet
[23:51:09:674] [INFO] - com.wei.oa_spring.filter.WebLogAspect.doBefore(WebLogAspect.java:52) - ARGS(参数) : [audit, org.apache.catalina.connector.RequestFacade@7b4ca550, org.apache.catalina.connector.ResponseFacade@15b6fe8]
[23:51:09:679] [INFO] - com.wei.oa_spring.filter.WebLogAspect.doAfterReturning(WebLogAspect.java:61) - RESPONSE : {"view":null,"model":{},"status":null,"empty":false,"viewName":"/audit","modelMap":{},"reference":true}
[23:51:09:963] [INFO] - com.wei.oa_spring.filter.WebLogAspect.doBefore(WebLogAspect.java:47) - URL : /leave/list
[23:51:09:964] [INFO] - com.wei.oa_spring.filter.WebLogAspect.doBefore(WebLogAspect.java:48) - HTTP_METHOD : GET
[23:51:09:964] [INFO] - com.wei.oa_spring.filter.WebLogAspect.doBefore(WebLogAspect.java:49) - IP : 0:0:0:0:0:0:0:1
[23:51:09:964] [INFO] - com.wei.oa_spring.filter.WebLogAspect.doBefore(WebLogAspect.java:50) - CLASS_METHOD : com.wei.oa_spring.controller.LeaveFormController.getLeaveFormList
[23:51:09:964] [INFO] - com.wei.oa_spring.filter.WebLogAspect.doBefore(WebLogAspect.java:52) - ARGS(参数) : [org.apache.catalina.session.StandardSessionFacade@5fc35787]
[23:51:09:974] [INFO] - com.wei.oa_spring.filter.WebLogAspect.doAfterReturning(WebLogAspect.java:61) - RESPONSE : {"code":"0","data":[{"start_time":1679500800000,"reason":"请假三天回家办事","create_time":1679567195000,"department_id":2,"employee_id":2,"department_name":"研发部","form_id":70,"end_time":1679760000000,"name":"齐部门经理","form_type":1,"state":"processing"},{"start_time":1679587200000,"reason":"回家结婚","create_time":1679671680000,"department_id":2,"employee_id":5,"department_name":"研发部","form_id":72,"end_time":1679846400000,"name":"陈工程师","form_type":4,"state":"processing"}],"count":2,"message":""}
[23:51:55:517] [INFO] - com.wei.oa_spring.filter.WebLogAspect.doBefore(WebLogAspect.java:47) - URL : /leave/audit
[23:51:55:518] [INFO] - com.wei.oa_spring.filter.WebLogAspect.doBefore(WebLogAspect.java:48) - HTTP_METHOD : POST
[23:51:55:519] [INFO] - com.wei.oa_spring.filter.WebLogAspect.doBefore(WebLogAspect.java:49) - IP : 0:0:0:0:0:0:0:1
[23:51:55:519] [INFO] - com.wei.oa_spring.filter.WebLogAspect.doBefore(WebLogAspect.java:50) - CLASS_METHOD : com.wei.oa_spring.controller.LeaveFormController.audit
[23:51:55:520] [INFO] - com.wei.oa_spring.filter.WebLogAspect.doBefore(WebLogAspect.java:52) - ARGS(参数) : [org.apache.catalina.session.StandardSessionFacade@5fc35787, org.apache.catalina.connector.RequestFacade@42a63663, org.apache.catalina.connector.ResponseFacade@4b742139]
[23:53:53:287] [INFO] - org.springframework.scheduling.concurrent.ExecutorConfigurationSupport.shutdown(ExecutorConfigurationSupport.java:208) - Shutting down ExecutorService 'applicationTaskExecutor'
[23:53:53:347] [INFO] - com.zaxxer.hikari.HikariDataSource.close(HikariDataSource.java:350) - imooc_oa_datasource - Shutdown initiated...
[23:53:53:372] [INFO] - com.zaxxer.hikari.HikariDataSource.close(HikariDataSource.java:352) - imooc_oa_datasource - Shutdown completed.
